<?xml version="1.0" encoding="UTF-8"?>
<!-- Generated by org.testng.reporters.JUnitReportReporter -->
<testsuite hostname="CBIT01580.local" name="tests.DashBoardPageQA" tests="1" failures="0" timestamp="10 Apr 2021 10:56:05 GMT" time="8.571" errors="0">
  <testcase name="LoginWithInvalidPwd" time="8.571" classname="tests.DashBoardPageQA"/>
</testsuite> <!-- tests.DashBoardPageQA -->
