<?xml version="1.0" encoding="UTF-8"?>
<!-- Generated by org.testng.reporters.JUnitReportReporter -->
<testsuite hostname="CBIT01580.local" name="tests.DashBoardPageQA" tests="5" failures="0" timestamp="10 Apr 2021 13:33:21 GMT" time="92.993" errors="0">
  <testcase name="LoginWithValidPwd" time="16.401" classname="tests.DashBoardPageQA"/>
  <testcase name="LoginWithInvalidPwd" time="8.633" classname="tests.DashBoardPageQA"/>
  <testcase name="addTask" time="30.309" classname="tests.DashBoardPageQA"/>
  <testcase name="searchTask" time="22.960" classname="tests.DashBoardPageQA"/>
  <testcase name="verifyProfile" time="14.690" classname="tests.DashBoardPageQA"/>
</testsuite> <!-- tests.DashBoardPageQA -->
